<?xml version="1.0" encoding="UTF-8"?>
<testsuite name="com.geunchan.tdd.DollarTest" tests="1" skipped="0" failures="0" errors="0" timestamp="2020-06-03T06:17:19" hostname="402-18" time="0.086">
  <properties/>
  <testcase name="testMultiplication()" classname="com.geunchan.tdd.DollarTest" time="0.086"/>
  <system-out><![CDATA[]]></system-out>
  <system-err><![CDATA[]]></system-err>
</testsuite>
