<?xml version="1.0" encoding="UTF-8"?>
<testsuite name="com.geunchan.CalculateTest" tests="1" skipped="0" failures="0" errors="0" timestamp="2020-06-03T03:49:47" hostname="402-18" time="0.078">
  <properties/>
  <testcase name="testIntegerAdd()" classname="com.geunchan.CalculateTest" time="0.078"/>
  <system-out><![CDATA[]]></system-out>
  <system-err><![CDATA[]]></system-err>
</testsuite>
